2021-03-02 10:05:07.765 [INFO ] [main                     ] [                        main.TTGate] - 

====================================================== 
TT.Gate v 2.0.0 (ISO 8583) 
 
STARTED AT 2021-03-02 10:05:07 
 
DAYHAN_SERVICE_ENABLED  : true            
DAYHAN_SERVICE_IP       : 192.168.101.172 
DAYHAN_SERVICE_PORT     : 4444            
DB_IP                   : 192.168.101.172 
DB_NAME                 : ttgate_test     
DB_PASSWORD             : postgres        
DB_PORT                 : 5432            
DB_USER                 : postgres        
GATE_IP                 : 192.168.101.172 
GATE_PORT               : 7777            
HOST_CONNECT_TIMEOUT    : 2000            
HOST_IP                 : 10.10.11.12     
HOST_PORT               : 10010           
HOST_READ_TIMEOUT       : 10000           
OUT_OF_SERVICE          : true            
TERM_READ_TIMEOUT       : 20000           
====================================================== 

2021-03-02 10:05:24.885 [INFO ] [main                     ] [                        main.TTGate] - 

====================================================== 
TT.Gate v 2.0.0 (ISO 8583) 
 
STARTED AT 2021-03-02 10:05:24 
 
DAYHAN_SERVICE_ENABLED  : true            
DAYHAN_SERVICE_IP       : 192.168.101.172 
DAYHAN_SERVICE_PORT     : 4444            
DB_IP                   : 192.168.101.172 
DB_NAME                 : ttgate_test     
DB_PASSWORD             : postgres        
DB_PORT                 : 5432            
DB_USER                 : postgres        
GATE_IP                 : 192.168.101.172 
GATE_PORT               : 7777            
HOST_CONNECT_TIMEOUT    : 2000            
HOST_IP                 : 10.10.11.12     
HOST_PORT               : 10010           
HOST_READ_TIMEOUT       : 10000           
OUT_OF_SERVICE          : true            
TERM_READ_TIMEOUT       : 20000           
====================================================== 

2021-03-02 10:07:41.719 [INFO ] [main                     ] [                        main.TTGate] - 

====================================================== 
TT.Gate v 2.0.0 (ISO 8583) 
 
STARTED AT 2021-03-02 10:07:41 
 
DAYHAN_SERVICE_ENABLED  : true            
DAYHAN_SERVICE_IP       : 192.168.101.172 
DAYHAN_SERVICE_PORT     : 4444            
DB_IP                   : 192.168.101.172 
DB_NAME                 : ttgate_test     
DB_PASSWORD             : postgres        
DB_PORT                 : 5432            
DB_USER                 : postgres        
GATE_IP                 : 192.168.101.172 
GATE_PORT               : 7777            
HOST_CONNECT_TIMEOUT    : 2000            
HOST_IP                 : 10.10.11.12     
HOST_PORT               : 10010           
HOST_READ_TIMEOUT       : 10000           
OUT_OF_SERVICE          : true            
TERM_READ_TIMEOUT       : 20000           
====================================================== 

2021-03-02 10:10:42.035 [INFO ] [main                     ] [                        main.TTGate] - 

====================================================== 
TT.Gate v 2.0.0 (ISO 8583) 
 
STARTED AT 2021-03-02 10:10:42 
 
DAYHAN_SERVICE_ENABLED  : true            
DAYHAN_SERVICE_IP       : 192.168.101.172 
DAYHAN_SERVICE_PORT     : 4444            
DB_IP                   : 192.168.101.172 
DB_NAME                 : ttgate_test     
DB_PASSWORD             : postgres        
DB_PORT                 : 5432            
DB_USER                 : postgres        
GATE_IP                 : 192.168.101.172 
GATE_PORT               : 7777            
HOST_CONNECT_TIMEOUT    : 2000            
HOST_IP                 : 10.10.11.12     
HOST_PORT               : 10010           
HOST_READ_TIMEOUT       : 10000           
OUT_OF_SERVICE          : true            
TERM_READ_TIMEOUT       : 20000           
====================================================== 

2021-03-02 10:10:50.714 [INFO ] [main                     ] [                        main.TTGate] - 

====================================================== 
TT.Gate v 2.0.0 (ISO 8583) 
 
STARTED AT 2021-03-02 10:10:50 
 
DAYHAN_SERVICE_ENABLED  : true            
DAYHAN_SERVICE_IP       : 192.168.101.172 
DAYHAN_SERVICE_PORT     : 4444            
DB_IP                   : 192.168.101.172 
DB_NAME                 : ttgate_test     
DB_PASSWORD             : postgres        
DB_PORT                 : 5432            
DB_USER                 : postgres        
GATE_IP                 : 192.168.101.172 
GATE_PORT               : 7777            
HOST_CONNECT_TIMEOUT    : 2000            
HOST_IP                 : 10.10.11.12     
HOST_PORT               : 10010           
HOST_READ_TIMEOUT       : 10000           
OUT_OF_SERVICE          : true            
TERM_READ_TIMEOUT       : 20000           
====================================================== 

2021-03-02 10:12:05.351 [INFO ] [main                     ] [                        main.TTGate] - 

====================================================== 
TT.Gate v 2.0.0 (ISO 8583) 
 
STARTED AT 2021-03-02 10:12:05 
 
DAYHAN_SERVICE_ENABLED  : true            
DAYHAN_SERVICE_IP       : 192.168.101.172 
DAYHAN_SERVICE_PORT     : 4444            
DB_IP                   : 192.168.101.172 
DB_NAME                 : ttgate_test     
DB_PASSWORD             : postgres        
DB_PORT                 : 5432            
DB_USER                 : postgres        
GATE_IP                 : 192.168.101.172 
GATE_PORT               : 7777            
HOST_CONNECT_TIMEOUT    : 2000            
HOST_IP                 : 10.10.11.12     
HOST_PORT               : 10010           
HOST_READ_TIMEOUT       : 10000           
OUT_OF_SERVICE          : true            
TERM_READ_TIMEOUT       : 20000           
====================================================== 

2021-03-02 10:12:27.674 [INFO ] [main                     ] [                        main.TTGate] - 

====================================================== 
TT.Gate v 2.0.0 (ISO 8583) 
 
STARTED AT 2021-03-02 10:12:27 
 
DAYHAN_SERVICE_ENABLED  : true            
DAYHAN_SERVICE_IP       : 192.168.101.172 
DAYHAN_SERVICE_PORT     : 4444            
DB_IP                   : 192.168.101.172 
DB_NAME                 : ttgate_test     
DB_PASSWORD             : postgres        
DB_PORT                 : 5432            
DB_USER                 : postgres        
GATE_IP                 : 192.168.101.172 
GATE_PORT               : 7777            
HOST_CONNECT_TIMEOUT    : 2000            
HOST_IP                 : 10.10.11.12     
HOST_PORT               : 10010           
HOST_READ_TIMEOUT       : 10000           
OUT_OF_SERVICE          : true            
TERM_READ_TIMEOUT       : 20000           
====================================================== 

2021-03-02 10:15:00.414 [INFO ] [main                     ] [                        main.TTGate] - 

====================================================== 
TT.Gate v 2.0.0 (ISO 8583) 
 
STARTED AT 2021-03-02 10:15:00 
 
DAYHAN_SERVICE_ENABLED  : true            
DAYHAN_SERVICE_IP       : 192.168.101.172 
DAYHAN_SERVICE_PORT     : 4444            
DB_IP                   : 192.168.101.172 
DB_NAME                 : ttgate_test     
DB_PASSWORD             : postgres        
DB_PORT                 : 5432            
DB_USER                 : postgres        
GATE_IP                 : 192.168.101.172 
GATE_PORT               : 7777            
HOST_CONNECT_TIMEOUT    : 2000            
HOST_IP                 : 10.10.11.12     
HOST_PORT               : 10010           
HOST_READ_TIMEOUT       : 10000           
OUT_OF_SERVICE          : true            
TERM_READ_TIMEOUT       : 20000           
====================================================== 

2021-03-02 10:17:42.054 [INFO ] [main                     ] [                        main.TTGate] - 

====================================================== 
TT.Gate v 2.0.0 (ISO 8583) 
 
STARTED AT 2021-03-02 10:17:42 
 
DAYHAN_SERVICE_ENABLED  : true            
DAYHAN_SERVICE_IP       : 192.168.101.172 
DAYHAN_SERVICE_PORT     : 4444            
DB_IP                   : 192.168.101.172 
DB_NAME                 : ttgate_test     
DB_PASSWORD             : postgres        
DB_PORT                 : 5432            
DB_USER                 : postgres        
GATE_IP                 : 192.168.101.172 
GATE_PORT               : 7777            
HOST_CONNECT_TIMEOUT    : 2000            
HOST_IP                 : 10.10.11.12     
HOST_PORT               : 10010           
HOST_READ_TIMEOUT       : 10000           
OUT_OF_SERVICE          : true            
TERM_READ_TIMEOUT       : 20000           
====================================================== 

2021-03-02 10:18:00.456 [INFO ] [main                     ] [                        main.TTGate] - 

====================================================== 
TT.Gate v 2.0.0 (ISO 8583) 
 
STARTED AT 2021-03-02 10:18:00 
 
DAYHAN_SERVICE_ENABLED  : true            
DAYHAN_SERVICE_IP       : 192.168.101.172 
DAYHAN_SERVICE_PORT     : 4444            
DB_IP                   : 192.168.101.172 
DB_NAME                 : ttgate_test     
DB_PASSWORD             : postgres        
DB_PORT                 : 5432            
DB_USER                 : postgres        
GATE_IP                 : 192.168.101.172 
GATE_PORT               : 7777            
HOST_CONNECT_TIMEOUT    : 2000            
HOST_IP                 : 10.10.11.12     
HOST_PORT               : 10010           
HOST_READ_TIMEOUT       : 10000           
OUT_OF_SERVICE          : true            
TERM_READ_TIMEOUT       : 20000           
====================================================== 

2021-03-02 10:18:08.786 [INFO ] [main                     ] [                        main.TTGate] - 

====================================================== 
TT.Gate v 2.0.0 (ISO 8583) 
 
STARTED AT 2021-03-02 10:18:08 
 
DAYHAN_SERVICE_ENABLED  : true            
DAYHAN_SERVICE_IP       : 192.168.101.172 
DAYHAN_SERVICE_PORT     : 4444            
DB_IP                   : 192.168.101.172 
DB_NAME                 : ttgate_test     
DB_PASSWORD             : postgres        
DB_PORT                 : 5432            
DB_USER                 : postgres        
GATE_IP                 : 192.168.101.172 
GATE_PORT               : 7777            
HOST_CONNECT_TIMEOUT    : 2000            
HOST_IP                 : 10.10.11.12     
HOST_PORT               : 10010           
HOST_READ_TIMEOUT       : 10000           
OUT_OF_SERVICE          : true            
TERM_READ_TIMEOUT       : 20000           
====================================================== 

2021-03-02 10:19:27.542 [INFO ] [main                     ] [                        main.TTGate] - 

====================================================== 
TT.Gate v 2.0.0 (ISO 8583) 
 
STARTED AT 2021-03-02 10:19:27 
 
DAYHAN_SERVICE_ENABLED  : true            
DAYHAN_SERVICE_IP       : 192.168.101.172 
DAYHAN_SERVICE_PORT     : 4444            
DB_IP                   : 192.168.101.172 
DB_NAME                 : ttgate_test     
DB_PASSWORD             : postgres        
DB_PORT                 : 5432            
DB_USER                 : postgres        
GATE_IP                 : 192.168.101.172 
GATE_PORT               : 7777            
HOST_CONNECT_TIMEOUT    : 2000            
HOST_IP                 : 10.10.11.12     
HOST_PORT               : 10010           
HOST_READ_TIMEOUT       : 10000           
OUT_OF_SERVICE          : true            
TERM_READ_TIMEOUT       : 20000           
====================================================== 

2021-03-02 10:19:36.987 [INFO ] [main                     ] [                        main.TTGate] - 

====================================================== 
TT.Gate v 2.0.0 (ISO 8583) 
 
STARTED AT 2021-03-02 10:19:36 
 
DAYHAN_SERVICE_ENABLED  : true            
DAYHAN_SERVICE_IP       : 192.168.101.172 
DAYHAN_SERVICE_PORT     : 4444            
DB_IP                   : 192.168.101.172 
DB_NAME                 : ttgate_test     
DB_PASSWORD             : postgres        
DB_PORT                 : 5432            
DB_USER                 : postgres        
GATE_IP                 : 192.168.101.172 
GATE_PORT               : 7777            
HOST_CONNECT_TIMEOUT    : 2000            
HOST_IP                 : 10.10.11.12     
HOST_PORT               : 10010           
HOST_READ_TIMEOUT       : 10000           
OUT_OF_SERVICE          : true            
TERM_READ_TIMEOUT       : 20000           
====================================================== 

2021-03-02 10:19:55.605 [INFO ] [main                     ] [                        main.TTGate] - 

====================================================== 
TT.Gate v 2.0.0 (ISO 8583) 
 
STARTED AT 2021-03-02 10:19:55 
 
DAYHAN_SERVICE_ENABLED  : true            
DAYHAN_SERVICE_IP       : 192.168.101.172 
DAYHAN_SERVICE_PORT     : 4444            
DB_IP                   : 192.168.101.172 
DB_NAME                 : ttgate_test     
DB_PASSWORD             : postgres        
DB_PORT                 : 5432            
DB_USER                 : postgres        
GATE_IP                 : 192.168.101.172 
GATE_PORT               : 7777            
HOST_CONNECT_TIMEOUT    : 2000            
HOST_IP                 : 10.10.11.12     
HOST_PORT               : 10010           
HOST_READ_TIMEOUT       : 10000           
OUT_OF_SERVICE          : true            
TERM_READ_TIMEOUT       : 20000           
====================================================== 

2021-03-02 10:20:40.336 [INFO ] [main                     ] [                        main.TTGate] - 

====================================================== 
TT.Gate v 2.0.0 (ISO 8583) 
 
STARTED AT 2021-03-02 10:20:40 
 
DAYHAN_SERVICE_ENABLED  : true            
DAYHAN_SERVICE_IP       : 192.168.101.172 
DAYHAN_SERVICE_PORT     : 4444            
DB_IP                   : 192.168.101.172 
DB_NAME                 : ttgate_test     
DB_PASSWORD             : postgres        
DB_PORT                 : 5432            
DB_USER                 : postgres        
GATE_IP                 : 192.168.101.172 
GATE_PORT               : 7777            
HOST_CONNECT_TIMEOUT    : 2000            
HOST_IP                 : 10.10.11.12     
HOST_PORT               : 10010           
HOST_READ_TIMEOUT       : 10000           
OUT_OF_SERVICE          : true            
TERM_READ_TIMEOUT       : 20000           
====================================================== 

2021-03-02 10:20:46.107 [INFO ] [main                     ] [                        main.TTGate] - 

====================================================== 
TT.Gate v 2.0.0 (ISO 8583) 
 
STARTED AT 2021-03-02 10:20:46 
 
DAYHAN_SERVICE_ENABLED  : true            
DAYHAN_SERVICE_IP       : 192.168.101.172 
DAYHAN_SERVICE_PORT     : 4444            
DB_IP                   : 192.168.101.172 
DB_NAME                 : ttgate_test     
DB_PASSWORD             : postgres        
DB_PORT                 : 5432            
DB_USER                 : postgres        
GATE_IP                 : 192.168.101.172 
GATE_PORT               : 7777            
HOST_CONNECT_TIMEOUT    : 2000            
HOST_IP                 : 10.10.11.12     
HOST_PORT               : 10010           
HOST_READ_TIMEOUT       : 10000           
OUT_OF_SERVICE          : true            
TERM_READ_TIMEOUT       : 20000           
====================================================== 

2021-03-02 10:20:51.283 [INFO ] [main                     ] [                        main.TTGate] - 

====================================================== 
TT.Gate v 2.0.0 (ISO 8583) 
 
STARTED AT 2021-03-02 10:20:51 
 
DAYHAN_SERVICE_ENABLED  : true            
DAYHAN_SERVICE_IP       : 192.168.101.172 
DAYHAN_SERVICE_PORT     : 4444            
DB_IP                   : 192.168.101.172 
DB_NAME                 : ttgate_test     
DB_PASSWORD             : postgres        
DB_PORT                 : 5432            
DB_USER                 : postgres        
GATE_IP                 : 192.168.101.172 
GATE_PORT               : 7777            
HOST_CONNECT_TIMEOUT    : 2000            
HOST_IP                 : 10.10.11.12     
HOST_PORT               : 10010           
HOST_READ_TIMEOUT       : 10000           
OUT_OF_SERVICE          : true            
TERM_READ_TIMEOUT       : 20000           
====================================================== 

2021-03-02 10:20:57.723 [INFO ] [main                     ] [                        main.TTGate] - 

====================================================== 
TT.Gate v 2.0.0 (ISO 8583) 
 
STARTED AT 2021-03-02 10:20:57 
 
DAYHAN_SERVICE_ENABLED  : true            
DAYHAN_SERVICE_IP       : 192.168.101.172 
DAYHAN_SERVICE_PORT     : 4444            
DB_IP                   : 192.168.101.172 
DB_NAME                 : ttgate_test     
DB_PASSWORD             : postgres        
DB_PORT                 : 5432            
DB_USER                 : postgres        
GATE_IP                 : 192.168.101.172 
GATE_PORT               : 7777            
HOST_CONNECT_TIMEOUT    : 2000            
HOST_IP                 : 10.10.11.12     
HOST_PORT               : 10010           
HOST_READ_TIMEOUT       : 10000           
OUT_OF_SERVICE          : true            
TERM_READ_TIMEOUT       : 20000           
====================================================== 

2021-03-02 10:21:56.601 [INFO ] [main                     ] [                        main.TTGate] - 

====================================================== 
TT.Gate v 2.0.0 (ISO 8583) 
 
STARTED AT 2021-03-02 10:21:56 
 
DAYHAN_SERVICE_ENABLED  : true            
DAYHAN_SERVICE_IP       : 192.168.101.172 
DAYHAN_SERVICE_PORT     : 4444            
DB_IP                   : 192.168.101.172 
DB_NAME                 : ttgate_test     
DB_PASSWORD             : postgres        
DB_PORT                 : 5432            
DB_USER                 : postgres        
GATE_IP                 : 192.168.101.172 
GATE_PORT               : 7777            
HOST_CONNECT_TIMEOUT    : 2000            
HOST_IP                 : 10.10.11.12     
HOST_PORT               : 10010           
HOST_READ_TIMEOUT       : 10000           
OUT_OF_SERVICE          : true            
TERM_READ_TIMEOUT       : 20000           
====================================================== 

2021-03-02 10:22:13.663 [INFO ] [main                     ] [                        main.TTGate] - 

====================================================== 
TT.Gate v 2.0.0 (ISO 8583) 
 
STARTED AT 2021-03-02 10:22:13 
 
DAYHAN_SERVICE_ENABLED  : true            
DAYHAN_SERVICE_IP       : 192.168.101.172 
DAYHAN_SERVICE_PORT     : 4444            
DB_IP                   : 192.168.101.172 
DB_NAME                 : ttgate_test     
DB_PASSWORD             : postgres        
DB_PORT                 : 5432            
DB_USER                 : postgres        
GATE_IP                 : 192.168.101.172 
GATE_PORT               : 7777            
HOST_CONNECT_TIMEOUT    : 2000            
HOST_IP                 : 10.10.11.12     
HOST_PORT               : 10010           
HOST_READ_TIMEOUT       : 10000           
OUT_OF_SERVICE          : true            
TERM_READ_TIMEOUT       : 20000           
====================================================== 

2021-03-02 10:23:30.497 [INFO ] [main                     ] [                        main.TTGate] - 

====================================================== 
TT.Gate v 2.0.0 (ISO 8583) 
 
STARTED AT 2021-03-02 10:23:30 
 
DAYHAN_SERVICE_ENABLED  : true            
DAYHAN_SERVICE_IP       : 192.168.101.172 
DAYHAN_SERVICE_PORT     : 4444            
DB_IP                   : 192.168.101.172 
DB_NAME                 : ttgate_test     
DB_PASSWORD             : postgres        
DB_PORT                 : 5432            
DB_USER                 : postgres        
GATE_IP                 : 192.168.101.172 
GATE_PORT               : 7777            
HOST_CONNECT_TIMEOUT    : 2000            
HOST_IP                 : 10.10.11.12     
HOST_PORT               : 10010           
HOST_READ_TIMEOUT       : 10000           
OUT_OF_SERVICE          : true            
TERM_READ_TIMEOUT       : 20000           
====================================================== 

2021-03-02 10:23:55.216 [INFO ] [main                     ] [                        main.TTGate] - 

====================================================== 
TT.Gate v 2.0.0 (ISO 8583) 
 
STARTED AT 2021-03-02 10:23:55 
 
DAYHAN_SERVICE_ENABLED  : true            
DAYHAN_SERVICE_IP       : 192.168.101.172 
DAYHAN_SERVICE_PORT     : 4444            
DB_IP                   : 192.168.101.172 
DB_NAME                 : ttgate_test     
DB_PASSWORD             : postgres        
DB_PORT                 : 5432            
DB_USER                 : postgres        
GATE_IP                 : 192.168.101.172 
GATE_PORT               : 7777            
HOST_CONNECT_TIMEOUT    : 2000            
HOST_IP                 : 10.10.11.12     
HOST_PORT               : 10010           
HOST_READ_TIMEOUT       : 10000           
OUT_OF_SERVICE          : true            
TERM_READ_TIMEOUT       : 20000           
====================================================== 

2021-03-02 10:24:07.078 [INFO ] [main                     ] [                        main.TTGate] - 

====================================================== 
TT.Gate v 2.0.0 (ISO 8583) 
 
STARTED AT 2021-03-02 10:24:07 
 
DAYHAN_SERVICE_ENABLED  : true            
DAYHAN_SERVICE_IP       : 192.168.101.172 
DAYHAN_SERVICE_PORT     : 4444            
DB_IP                   : 192.168.101.172 
DB_NAME                 : ttgate_test     
DB_PASSWORD             : postgres        
DB_PORT                 : 5432            
DB_USER                 : postgres        
GATE_IP                 : 192.168.101.172 
GATE_PORT               : 7777            
HOST_CONNECT_TIMEOUT    : 2000            
HOST_IP                 : 10.10.11.12     
HOST_PORT               : 10010           
HOST_READ_TIMEOUT       : 10000           
OUT_OF_SERVICE          : true            
TERM_READ_TIMEOUT       : 20000           
====================================================== 

2021-03-02 10:24:25.827 [INFO ] [main                     ] [                        main.TTGate] - 

====================================================== 
TT.Gate v 2.0.0 (ISO 8583) 
 
STARTED AT 2021-03-02 10:24:25 
 
DAYHAN_SERVICE_ENABLED  : true            
DAYHAN_SERVICE_IP       : 192.168.101.172 
DAYHAN_SERVICE_PORT     : 4444            
DB_IP                   : 192.168.101.172 
DB_NAME                 : ttgate_test     
DB_PASSWORD             : postgres        
DB_PORT                 : 5432            
DB_USER                 : postgres        
GATE_IP                 : 192.168.101.172 
GATE_PORT               : 7777            
HOST_CONNECT_TIMEOUT    : 2000            
HOST_IP                 : 10.10.11.12     
HOST_PORT               : 10010           
HOST_READ_TIMEOUT       : 10000           
OUT_OF_SERVICE          : true            
TERM_READ_TIMEOUT       : 20000           
====================================================== 

2021-03-02 10:24:38.712 [INFO ] [main                     ] [                        main.TTGate] - 

====================================================== 
TT.Gate v 2.0.0 (ISO 8583) 
 
STARTED AT 2021-03-02 10:24:38 
 
DAYHAN_SERVICE_ENABLED  : true            
DAYHAN_SERVICE_IP       : 192.168.101.172 
DAYHAN_SERVICE_PORT     : 4444            
DB_IP                   : 192.168.101.172 
DB_NAME                 : ttgate_test     
DB_PASSWORD             : postgres        
DB_PORT                 : 5432            
DB_USER                 : postgres        
GATE_IP                 : 192.168.101.172 
GATE_PORT               : 7777            
HOST_CONNECT_TIMEOUT    : 2000            
HOST_IP                 : 10.10.11.12     
HOST_PORT               : 10010           
HOST_READ_TIMEOUT       : 10000           
OUT_OF_SERVICE          : true            
TERM_READ_TIMEOUT       : 20000           
====================================================== 

2021-03-02 10:24:47.227 [INFO ] [main                     ] [                        main.TTGate] - 

====================================================== 
TT.Gate v 2.0.0 (ISO 8583) 
 
STARTED AT 2021-03-02 10:24:47 
 
DAYHAN_SERVICE_ENABLED  : true            
DAYHAN_SERVICE_IP       : 192.168.101.172 
DAYHAN_SERVICE_PORT     : 4444            
DB_IP                   : 192.168.101.172 
DB_NAME                 : ttgate_test     
DB_PASSWORD             : postgres        
DB_PORT                 : 5432            
DB_USER                 : postgres        
GATE_IP                 : 192.168.101.172 
GATE_PORT               : 7777            
HOST_CONNECT_TIMEOUT    : 2000            
HOST_IP                 : 10.10.11.12     
HOST_PORT               : 10010           
HOST_READ_TIMEOUT       : 10000           
OUT_OF_SERVICE          : true            
TERM_READ_TIMEOUT       : 20000           
====================================================== 

2021-03-02 10:25:11.322 [INFO ] [main                     ] [                        main.TTGate] - 

====================================================== 
TT.Gate v 2.0.0 (ISO 8583) 
 
STARTED AT 2021-03-02 10:25:11 
 
DAYHAN_SERVICE_ENABLED  : true            
DAYHAN_SERVICE_IP       : 192.168.101.172 
DAYHAN_SERVICE_PORT     : 4444            
DB_IP                   : 192.168.101.172 
DB_NAME                 : ttgate_test     
DB_PASSWORD             : postgres        
DB_PORT                 : 5432            
DB_USER                 : postgres        
GATE_IP                 : 192.168.101.172 
GATE_PORT               : 7777            
HOST_CONNECT_TIMEOUT    : 2000            
HOST_IP                 : 10.10.11.12     
HOST_PORT               : 10010           
HOST_READ_TIMEOUT       : 10000           
OUT_OF_SERVICE          : true            
TERM_READ_TIMEOUT       : 20000           
====================================================== 

2021-03-02 10:33:34.686 [INFO ] [main                     ] [                        main.TTGate] - 

====================================================== 
TT.Gate v 2.0.0 (ISO 8583) 
 
STARTED AT 2021-03-02 10:33:34 
 
DAYHAN_SERVICE_ENABLED  : true            
DAYHAN_SERVICE_IP       : 192.168.101.172 
DAYHAN_SERVICE_PORT     : 4444            
DB_IP                   : 192.168.101.172 
DB_NAME                 : ttgate_test     
DB_PASSWORD             : postgres        
DB_PORT                 : 5432            
DB_USER                 : postgres        
GATE_IP                 : 192.168.101.172 
GATE_PORT               : 7777            
HOST_CONNECT_TIMEOUT    : 2000            
HOST_IP                 : 10.10.11.12     
HOST_PORT               : 10010           
HOST_READ_TIMEOUT       : 10000           
OUT_OF_SERVICE          : true            
TERM_READ_TIMEOUT       : 20000           
====================================================== 

2021-03-02 10:33:50.742 [INFO ] [main                     ] [                        main.TTGate] - 

====================================================== 
TT.Gate v 2.0.0 (ISO 8583) 
 
STARTED AT 2021-03-02 10:33:50 
 
DAYHAN_SERVICE_ENABLED  : true            
DAYHAN_SERVICE_IP       : 192.168.101.172 
DAYHAN_SERVICE_PORT     : 4444            
DB_IP                   : 192.168.101.172 
DB_NAME                 : ttgate_test     
DB_PASSWORD             : postgres        
DB_PORT                 : 5432            
DB_USER                 : postgres        
GATE_IP                 : 192.168.101.172 
GATE_PORT               : 7777            
HOST_CONNECT_TIMEOUT    : 2000            
HOST_IP                 : 10.10.11.12     
HOST_PORT               : 10010           
HOST_READ_TIMEOUT       : 10000           
OUT_OF_SERVICE          : true            
TERM_READ_TIMEOUT       : 20000           
====================================================== 

2021-03-02 10:34:23.920 [INFO ] [main                     ] [                        main.TTGate] - 

====================================================== 
TT.Gate v 2.0.0 (ISO 8583) 
 
STARTED AT 2021-03-02 10:34:23 
 
DAYHAN_SERVICE_ENABLED  : true            
DAYHAN_SERVICE_IP       : 192.168.101.172 
DAYHAN_SERVICE_PORT     : 4444            
DB_IP                   : 192.168.101.172 
DB_NAME                 : ttgate_test     
DB_PASSWORD             : postgres        
DB_PORT                 : 5432            
DB_USER                 : postgres        
GATE_IP                 : 192.168.101.172 
GATE_PORT               : 7777            
HOST_CONNECT_TIMEOUT    : 2000            
HOST_IP                 : 10.10.11.12     
HOST_PORT               : 10010           
HOST_READ_TIMEOUT       : 10000           
OUT_OF_SERVICE          : true            
TERM_READ_TIMEOUT       : 20000           
====================================================== 

2021-03-02 10:35:54.697 [INFO ] [main                     ] [                        main.TTGate] - 

====================================================== 
TT.Gate v 2.0.0 (ISO 8583) 
 
STARTED AT 2021-03-02 10:35:54 
 
DAYHAN_SERVICE_ENABLED  : true            
DAYHAN_SERVICE_IP       : 192.168.101.172 
DAYHAN_SERVICE_PORT     : 4444            
DB_IP                   : 192.168.101.172 
DB_NAME                 : ttgate_test     
DB_PASSWORD             : postgres        
DB_PORT                 : 5432            
DB_USER                 : postgres        
GATE_IP                 : 192.168.101.172 
GATE_PORT               : 7777            
HOST_CONNECT_TIMEOUT    : 2000            
HOST_IP                 : 10.10.11.12     
HOST_PORT               : 10010           
HOST_READ_TIMEOUT       : 10000           
OUT_OF_SERVICE          : true            
TERM_READ_TIMEOUT       : 20000           
====================================================== 

2021-03-02 10:42:29.602 [INFO ] [main                     ] [                        main.TTGate] - 

====================================================== 
TT.Gate v 2.0.0 (ISO 8583) 
 
STARTED AT 2021-03-02 10:42:29 
 
DAYHAN_SERVICE_ENABLED  : true            
DAYHAN_SERVICE_IP       : 192.168.101.172 
DAYHAN_SERVICE_PORT     : 4444            
DB_IP                   : 192.168.101.172 
DB_NAME                 : ttgate_test     
DB_PASSWORD             : postgres        
DB_PORT                 : 5432            
DB_USER                 : postgres        
GATE_IP                 : 192.168.101.172 
GATE_PORT               : 7777            
HOST_CONNECT_TIMEOUT    : 2000            
HOST_IP                 : 10.10.11.12     
HOST_PORT               : 10010           
HOST_READ_TIMEOUT       : 10000           
OUT_OF_SERVICE          : true            
TERM_READ_TIMEOUT       : 20000           
====================================================== 

2021-03-02 10:42:57.443 [INFO ] [main                     ] [                        main.TTGate] - 

====================================================== 
TT.Gate v 2.0.0 (ISO 8583) 
 
STARTED AT 2021-03-02 10:42:57 
 
DAYHAN_SERVICE_ENABLED  : true            
DAYHAN_SERVICE_IP       : 192.168.101.172 
DAYHAN_SERVICE_PORT     : 4444            
DB_IP                   : 192.168.101.172 
DB_NAME                 : ttgate_test     
DB_PASSWORD             : postgres        
DB_PORT                 : 5432            
DB_USER                 : postgres        
GATE_IP                 : 192.168.101.172 
GATE_PORT               : 7777            
HOST_CONNECT_TIMEOUT    : 2000            
HOST_IP                 : 10.10.11.12     
HOST_PORT               : 10010           
HOST_READ_TIMEOUT       : 10000           
OUT_OF_SERVICE          : true            
TERM_READ_TIMEOUT       : 20000           
====================================================== 

2021-03-02 10:43:04.753 [INFO ] [main                     ] [                        main.TTGate] - 

====================================================== 
TT.Gate v 2.0.0 (ISO 8583) 
 
STARTED AT 2021-03-02 10:43:04 
 
DAYHAN_SERVICE_ENABLED  : true            
DAYHAN_SERVICE_IP       : 192.168.101.172 
DAYHAN_SERVICE_PORT     : 4444            
DB_IP                   : 192.168.101.172 
DB_NAME                 : ttgate_test     
DB_PASSWORD             : postgres        
DB_PORT                 : 5432            
DB_USER                 : postgres        
GATE_IP                 : 192.168.101.172 
GATE_PORT               : 7777            
HOST_CONNECT_TIMEOUT    : 2000            
HOST_IP                 : 10.10.11.12     
HOST_PORT               : 10010           
HOST_READ_TIMEOUT       : 10000           
OUT_OF_SERVICE          : true            
TERM_READ_TIMEOUT       : 20000           
====================================================== 

2021-03-02 10:44:29.945 [INFO ] [main                     ] [                        main.TTGate] - 

====================================================== 
TT.Gate v 2.0.0 (ISO 8583) 
 
STARTED AT 2021-03-02 10:44:29 
 
DAYHAN_SERVICE_ENABLED  : true            
DAYHAN_SERVICE_IP       : 192.168.101.172 
DAYHAN_SERVICE_PORT     : 4444            
DB_IP                   : 192.168.101.172 
DB_NAME                 : ttgate_test     
DB_PASSWORD             : postgres        
DB_PORT                 : 5432            
DB_USER                 : postgres        
GATE_IP                 : 192.168.101.172 
GATE_PORT               : 7777            
HOST_CONNECT_TIMEOUT    : 2000            
HOST_IP                 : 10.10.11.12     
HOST_PORT               : 10010           
HOST_READ_TIMEOUT       : 10000           
OUT_OF_SERVICE          : true            
TERM_READ_TIMEOUT       : 20000           
====================================================== 

2021-03-02 10:44:43.153 [INFO ] [main                     ] [                        main.TTGate] - 

====================================================== 
TT.Gate v 2.0.0 (ISO 8583) 
 
STARTED AT 2021-03-02 10:44:43 
 
DAYHAN_SERVICE_ENABLED  : true            
DAYHAN_SERVICE_IP       : 192.168.101.172 
DAYHAN_SERVICE_PORT     : 4444            
DB_IP                   : 192.168.101.172 
DB_NAME                 : ttgate_test     
DB_PASSWORD             : postgres        
DB_PORT                 : 5432            
DB_USER                 : postgres        
GATE_IP                 : 192.168.101.172 
GATE_PORT               : 7777            
HOST_CONNECT_TIMEOUT    : 2000            
HOST_IP                 : 10.10.11.12     
HOST_PORT               : 10010           
HOST_READ_TIMEOUT       : 10000           
OUT_OF_SERVICE          : true            
TERM_READ_TIMEOUT       : 20000           
====================================================== 

2021-03-02 10:45:27.723 [INFO ] [main                     ] [                        main.TTGate] - 

====================================================== 
TT.Gate v 2.0.0 (ISO 8583) 
 
STARTED AT 2021-03-02 10:45:27 
 
DAYHAN_SERVICE_ENABLED  : true            
DAYHAN_SERVICE_IP       : 192.168.101.172 
DAYHAN_SERVICE_PORT     : 4444            
DB_IP                   : 192.168.101.172 
DB_NAME                 : ttgate_test     
DB_PASSWORD             : postgres        
DB_PORT                 : 5432            
DB_USER                 : postgres        
GATE_IP                 : 192.168.101.172 
GATE_PORT               : 7777            
HOST_CONNECT_TIMEOUT    : 2000            
HOST_IP                 : 10.10.11.12     
HOST_PORT               : 10010           
HOST_READ_TIMEOUT       : 10000           
OUT_OF_SERVICE          : true            
TERM_READ_TIMEOUT       : 20000           
====================================================== 

2021-03-02 10:45:39.764 [INFO ] [main                     ] [                        main.TTGate] - 

====================================================== 
TT.Gate v 2.0.0 (ISO 8583) 
 
STARTED AT 2021-03-02 10:45:39 
 
DAYHAN_SERVICE_ENABLED  : true            
DAYHAN_SERVICE_IP       : 192.168.101.172 
DAYHAN_SERVICE_PORT     : 4444            
DB_IP                   : 192.168.101.172 
DB_NAME                 : ttgate_test     
DB_PASSWORD             : postgres        
DB_PORT                 : 5432            
DB_USER                 : postgres        
GATE_IP                 : 192.168.101.172 
GATE_PORT               : 7777            
HOST_CONNECT_TIMEOUT    : 2000            
HOST_IP                 : 10.10.11.12     
HOST_PORT               : 10010           
HOST_READ_TIMEOUT       : 10000           
OUT_OF_SERVICE          : true            
TERM_READ_TIMEOUT       : 20000           
====================================================== 

2021-03-02 10:45:46.291 [INFO ] [main                     ] [                        main.TTGate] - 

====================================================== 
TT.Gate v 2.0.0 (ISO 8583) 
 
STARTED AT 2021-03-02 10:45:46 
 
DAYHAN_SERVICE_ENABLED  : true            
DAYHAN_SERVICE_IP       : 192.168.101.172 
DAYHAN_SERVICE_PORT     : 4444            
DB_IP                   : 192.168.101.172 
DB_NAME                 : ttgate_test     
DB_PASSWORD             : postgres        
DB_PORT                 : 5432            
DB_USER                 : postgres        
GATE_IP                 : 192.168.101.172 
GATE_PORT               : 7777            
HOST_CONNECT_TIMEOUT    : 2000            
HOST_IP                 : 10.10.11.12     
HOST_PORT               : 10010           
HOST_READ_TIMEOUT       : 10000           
OUT_OF_SERVICE          : true            
TERM_READ_TIMEOUT       : 20000           
====================================================== 

2021-03-02 10:45:52.423 [INFO ] [main                     ] [                        main.TTGate] - 

====================================================== 
TT.Gate v 2.0.0 (ISO 8583) 
 
STARTED AT 2021-03-02 10:45:52 
 
DAYHAN_SERVICE_ENABLED  : true            
DAYHAN_SERVICE_IP       : 192.168.101.172 
DAYHAN_SERVICE_PORT     : 4444            
DB_IP                   : 192.168.101.172 
DB_NAME                 : ttgate_test     
DB_PASSWORD             : postgres        
DB_PORT                 : 5432            
DB_USER                 : postgres        
GATE_IP                 : 192.168.101.172 
GATE_PORT               : 7777            
HOST_CONNECT_TIMEOUT    : 2000            
HOST_IP                 : 10.10.11.12     
HOST_PORT               : 10010           
HOST_READ_TIMEOUT       : 10000           
OUT_OF_SERVICE          : true            
TERM_READ_TIMEOUT       : 20000           
====================================================== 

2021-03-02 10:46:05.606 [INFO ] [main                     ] [                        main.TTGate] - 

====================================================== 
TT.Gate v 2.0.0 (ISO 8583) 
 
STARTED AT 2021-03-02 10:46:05 
 
DAYHAN_SERVICE_ENABLED  : true            
DAYHAN_SERVICE_IP       : 192.168.101.172 
DAYHAN_SERVICE_PORT     : 4444            
DB_IP                   : 192.168.101.172 
DB_NAME                 : ttgate_test     
DB_PASSWORD             : postgres        
DB_PORT                 : 5432            
DB_USER                 : postgres        
GATE_IP                 : 192.168.101.172 
GATE_PORT               : 7777            
HOST_CONNECT_TIMEOUT    : 2000            
HOST_IP                 : 10.10.11.12     
HOST_PORT               : 10010           
HOST_READ_TIMEOUT       : 10000           
OUT_OF_SERVICE          : true            
TERM_READ_TIMEOUT       : 20000           
====================================================== 

2021-03-02 10:46:12.970 [INFO ] [main                     ] [                        main.TTGate] - 

====================================================== 
TT.Gate v 2.0.0 (ISO 8583) 
 
STARTED AT 2021-03-02 10:46:12 
 
DAYHAN_SERVICE_ENABLED  : true            
DAYHAN_SERVICE_IP       : 192.168.101.172 
DAYHAN_SERVICE_PORT     : 4444            
DB_IP                   : 192.168.101.172 
DB_NAME                 : ttgate_test     
DB_PASSWORD             : postgres        
DB_PORT                 : 5432            
DB_USER                 : postgres        
GATE_IP                 : 192.168.101.172 
GATE_PORT               : 7777            
HOST_CONNECT_TIMEOUT    : 2000            
HOST_IP                 : 10.10.11.12     
HOST_PORT               : 10010           
HOST_READ_TIMEOUT       : 10000           
OUT_OF_SERVICE          : true            
TERM_READ_TIMEOUT       : 20000           
====================================================== 

2021-03-02 10:46:20.799 [INFO ] [main                     ] [                        main.TTGate] - 

====================================================== 
TT.Gate v 2.0.0 (ISO 8583) 
 
STARTED AT 2021-03-02 10:46:20 
 
DAYHAN_SERVICE_ENABLED  : true            
DAYHAN_SERVICE_IP       : 192.168.101.172 
DAYHAN_SERVICE_PORT     : 4444            
DB_IP                   : 192.168.101.172 
DB_NAME                 : ttgate_test     
DB_PASSWORD             : postgres        
DB_PORT                 : 5432            
DB_USER                 : postgres        
GATE_IP                 : 192.168.101.172 
GATE_PORT               : 7777            
HOST_CONNECT_TIMEOUT    : 2000            
HOST_IP                 : 10.10.11.12     
HOST_PORT               : 10010           
HOST_READ_TIMEOUT       : 10000           
OUT_OF_SERVICE          : true            
TERM_READ_TIMEOUT       : 20000           
====================================================== 

2021-03-02 10:46:32.099 [INFO ] [main                     ] [                        main.TTGate] - 

====================================================== 
TT.Gate v 2.0.0 (ISO 8583) 
 
STARTED AT 2021-03-02 10:46:32 
 
DAYHAN_SERVICE_ENABLED  : true            
DAYHAN_SERVICE_IP       : 192.168.101.172 
DAYHAN_SERVICE_PORT     : 4444            
DB_IP                   : 192.168.101.172 
DB_NAME                 : ttgate_test     
DB_PASSWORD             : postgres        
DB_PORT                 : 5432            
DB_USER                 : postgres        
GATE_IP                 : 192.168.101.172 
GATE_PORT               : 7777            
HOST_CONNECT_TIMEOUT    : 2000            
HOST_IP                 : 10.10.11.12     
HOST_PORT               : 10010           
HOST_READ_TIMEOUT       : 10000           
OUT_OF_SERVICE          : true            
TERM_READ_TIMEOUT       : 20000           
====================================================== 

2021-03-02 10:46:39.430 [INFO ] [main                     ] [                        main.TTGate] - 

====================================================== 
TT.Gate v 2.0.0 (ISO 8583) 
 
STARTED AT 2021-03-02 10:46:39 
 
DAYHAN_SERVICE_ENABLED  : true            
DAYHAN_SERVICE_IP       : 192.168.101.172 
DAYHAN_SERVICE_PORT     : 4444            
DB_IP                   : 192.168.101.172 
DB_NAME                 : ttgate_test     
DB_PASSWORD             : postgres        
DB_PORT                 : 5432            
DB_USER                 : postgres        
GATE_IP                 : 192.168.101.172 
GATE_PORT               : 7777            
HOST_CONNECT_TIMEOUT    : 2000            
HOST_IP                 : 10.10.11.12     
HOST_PORT               : 10010           
HOST_READ_TIMEOUT       : 10000           
OUT_OF_SERVICE          : true            
TERM_READ_TIMEOUT       : 20000           
====================================================== 

2021-03-02 10:47:19.558 [INFO ] [main                     ] [                        main.TTGate] - 

====================================================== 
TT.Gate v 2.0.0 (ISO 8583) 
 
STARTED AT 2021-03-02 10:47:19 
 
DAYHAN_SERVICE_ENABLED  : true            
DAYHAN_SERVICE_IP       : 192.168.101.172 
DAYHAN_SERVICE_PORT     : 4444            
DB_IP                   : 192.168.101.172 
DB_NAME                 : ttgate_test     
DB_PASSWORD             : postgres        
DB_PORT                 : 5432            
DB_USER                 : postgres        
GATE_IP                 : 192.168.101.172 
GATE_PORT               : 7777            
HOST_CONNECT_TIMEOUT    : 2000            
HOST_IP                 : 10.10.11.12     
HOST_PORT               : 10010           
HOST_READ_TIMEOUT       : 10000           
OUT_OF_SERVICE          : true            
TERM_READ_TIMEOUT       : 20000           
====================================================== 

