2021-02-23 15:51:33.794 [INFO ] [main                     ] [                        main.TTGate] - 

====================================================== 
TT.Gate v 2.0.0 (ISO 8583) 
 
STARTED AT 2021-02-23 15:51:33 
 
DAYHAN_SERVICE_ENABLED  : true            
DAYHAN_SERVICE_IP       : 192.168.101.172 
DAYHAN_SERVICE_PORT     : 4444            
DB_IP                   : 192.168.101.172 
DB_NAME                 : ttgate_test     
DB_PASSWORD             : postgres        
DB_PORT                 : 5432            
DB_USER                 : postgres        
GATE_IP                 : 192.168.101.172 
GATE_PORT               : 7777            
HOST_CONNECT_TIMEOUT    : 2000            
HOST_IP                 : 10.10.11.12     
HOST_PORT               : 10010           
HOST_READ_TIMEOUT       : 10000           
OUT_OF_SERVICE          : true            
TERM_READ_TIMEOUT       : 20000           
====================================================== 

2021-02-23 15:52:11.067 [INFO ] [main                     ] [                        main.TTGate] - 

====================================================== 
TT.Gate v 2.0.0 (ISO 8583) 
 
STARTED AT 2021-02-23 15:52:11 
 
DAYHAN_SERVICE_ENABLED  : true            
DAYHAN_SERVICE_IP       : 192.168.101.172 
DAYHAN_SERVICE_PORT     : 4444            
DB_IP                   : 192.168.101.172 
DB_NAME                 : ttgate_test     
DB_PASSWORD             : postgres        
DB_PORT                 : 5432            
DB_USER                 : postgres        
GATE_IP                 : 192.168.101.172 
GATE_PORT               : 7777            
HOST_CONNECT_TIMEOUT    : 2000            
HOST_IP                 : 10.10.11.12     
HOST_PORT               : 10010           
HOST_READ_TIMEOUT       : 10000           
OUT_OF_SERVICE          : true            
TERM_READ_TIMEOUT       : 20000           
====================================================== 

2021-02-23 15:52:30.246 [INFO ] [main                     ] [                        main.TTGate] - 

====================================================== 
TT.Gate v 2.0.0 (ISO 8583) 
 
STARTED AT 2021-02-23 15:52:30 
 
DAYHAN_SERVICE_ENABLED  : true            
DAYHAN_SERVICE_IP       : 192.168.101.172 
DAYHAN_SERVICE_PORT     : 4444            
DB_IP                   : 192.168.101.172 
DB_NAME                 : ttgate_test     
DB_PASSWORD             : postgres        
DB_PORT                 : 5432            
DB_USER                 : postgres        
GATE_IP                 : 192.168.101.172 
GATE_PORT               : 7777            
HOST_CONNECT_TIMEOUT    : 2000            
HOST_IP                 : 10.10.11.12     
HOST_PORT               : 10010           
HOST_READ_TIMEOUT       : 10000           
OUT_OF_SERVICE          : true            
TERM_READ_TIMEOUT       : 20000           
====================================================== 

2021-02-23 15:54:42.690 [INFO ] [main                     ] [                        main.TTGate] - 

====================================================== 
TT.Gate v 2.0.0 (ISO 8583) 
 
STARTED AT 2021-02-23 15:54:42 
 
DAYHAN_SERVICE_ENABLED  : true            
DAYHAN_SERVICE_IP       : 192.168.101.172 
DAYHAN_SERVICE_PORT     : 4444            
DB_IP                   : 192.168.101.172 
DB_NAME                 : ttgate_test     
DB_PASSWORD             : postgres        
DB_PORT                 : 5432            
DB_USER                 : postgres        
GATE_IP                 : 192.168.101.172 
GATE_PORT               : 7777            
HOST_CONNECT_TIMEOUT    : 2000            
HOST_IP                 : 10.10.11.12     
HOST_PORT               : 10010           
HOST_READ_TIMEOUT       : 10000           
OUT_OF_SERVICE          : true            
TERM_READ_TIMEOUT       : 20000           
====================================================== 

2021-02-23 15:55:26.912 [INFO ] [main                     ] [                        main.TTGate] - 

====================================================== 
TT.Gate v 2.0.0 (ISO 8583) 
 
STARTED AT 2021-02-23 15:55:26 
 
DAYHAN_SERVICE_ENABLED  : true            
DAYHAN_SERVICE_IP       : 192.168.101.172 
DAYHAN_SERVICE_PORT     : 4444            
DB_IP                   : 192.168.101.172 
DB_NAME                 : ttgate_test     
DB_PASSWORD             : postgres        
DB_PORT                 : 5432            
DB_USER                 : postgres        
GATE_IP                 : 192.168.101.172 
GATE_PORT               : 7777            
HOST_CONNECT_TIMEOUT    : 2000            
HOST_IP                 : 10.10.11.12     
HOST_PORT               : 10010           
HOST_READ_TIMEOUT       : 10000           
OUT_OF_SERVICE          : true            
TERM_READ_TIMEOUT       : 20000           
====================================================== 

