2021-02-16 12:00:39.366 [INFO ] [main                     ] [                        main.TTGate] - 

====================================================== 
TT.Gate v 2.0.0 (ISO 8583) 
 
STARTED AT 2021-02-16 12:00:39 
 
DAYHAN_SERVICE_ENABLED  : true            
DAYHAN_SERVICE_IP       : 192.168.101.172 
DAYHAN_SERVICE_PORT     : 4444            
DB_IP                   : 192.168.101.172 
DB_NAME                 : ttgate_test     
DB_PASSWORD             : postgres        
DB_PORT                 : 5432            
DB_USER                 : postgres        
GATE_IP                 : 192.168.101.172 
GATE_PORT               : 7777            
HOST_CONNECT_TIMEOUT    : 2000            
HOST_IP                 : 10.10.11.12     
HOST_PORT               : 10010           
HOST_READ_TIMEOUT       : 10000           
OUT_OF_SERVICE          : true            
TERM_READ_TIMEOUT       : 20000           
====================================================== 

2021-02-16 12:30:27.208 [INFO ] [main                     ] [                        main.TTGate] - 

====================================================== 
TT.Gate v 2.0.0 (ISO 8583) 
 
STARTED AT 2021-02-16 12:30:27 
 
DAYHAN_SERVICE_ENABLED  : true            
DAYHAN_SERVICE_IP       : 192.168.101.172 
DAYHAN_SERVICE_PORT     : 4444            
DB_IP                   : 192.168.101.172 
DB_NAME                 : ttgate_test     
DB_PASSWORD             : postgres        
DB_PORT                 : 5432            
DB_USER                 : postgres        
GATE_IP                 : 192.168.101.172 
GATE_PORT               : 7777            
HOST_CONNECT_TIMEOUT    : 2000            
HOST_IP                 : 10.10.11.12     
HOST_PORT               : 10010           
HOST_READ_TIMEOUT       : 10000           
OUT_OF_SERVICE          : true            
TERM_READ_TIMEOUT       : 20000           
====================================================== 

2021-02-16 12:30:54.232 [INFO ] [main                     ] [                        main.TTGate] - 

====================================================== 
TT.Gate v 2.0.0 (ISO 8583) 
 
STARTED AT 2021-02-16 12:30:54 
 
DAYHAN_SERVICE_ENABLED  : true            
DAYHAN_SERVICE_IP       : 192.168.101.172 
DAYHAN_SERVICE_PORT     : 4444            
DB_IP                   : 192.168.101.172 
DB_NAME                 : ttgate_test     
DB_PASSWORD             : postgres        
DB_PORT                 : 5432            
DB_USER                 : postgres        
GATE_IP                 : 192.168.101.172 
GATE_PORT               : 7777            
HOST_CONNECT_TIMEOUT    : 2000            
HOST_IP                 : 10.10.11.12     
HOST_PORT               : 10010           
HOST_READ_TIMEOUT       : 10000           
OUT_OF_SERVICE          : true            
TERM_READ_TIMEOUT       : 20000           
====================================================== 

2021-02-16 12:32:21.274 [INFO ] [main                     ] [                        main.TTGate] - 

====================================================== 
TT.Gate v 2.0.0 (ISO 8583) 
 
STARTED AT 2021-02-16 12:32:21 
 
DAYHAN_SERVICE_ENABLED  : true            
DAYHAN_SERVICE_IP       : 192.168.101.172 
DAYHAN_SERVICE_PORT     : 4444            
DB_IP                   : 192.168.101.172 
DB_NAME                 : ttgate_test     
DB_PASSWORD             : postgres        
DB_PORT                 : 5432            
DB_USER                 : postgres        
GATE_IP                 : 192.168.101.172 
GATE_PORT               : 7777            
HOST_CONNECT_TIMEOUT    : 2000            
HOST_IP                 : 10.10.11.12     
HOST_PORT               : 10010           
HOST_READ_TIMEOUT       : 10000           
OUT_OF_SERVICE          : true            
TERM_READ_TIMEOUT       : 20000           
====================================================== 

